This is pdfTeX, Version 3.141592653-2.6-1.40.24 (MiKTeX 22.8.28) (preloaded format=pdflatex 2022.9.6)  6 SEP 2022 15:47
entering extended mode
 restricted \write18 enabled.
 %&-line parsing enabled.
**./FirstHomework.tex
(FirstHomework.tex
LaTeX2e <2022-06-01> patch level 5
L3 programming layer <2022-08-23>
(C:\Users\D01918\AppData\Local\Programs\MiKTeX\tex/latex/base\book.cls
Document Class: book 2021/10/04 v1.4n Standard LaTeX document class
(C:\Users\D01918\AppData\Local\Programs\MiKTeX\tex/latex/base\bk10.clo
File: bk10.clo 2021/10/04 v1.4n Standard LaTeX file (size option)
)
\c@part=\count185
\c@chapter=\count186
\c@section=\count187
\c@subsection=\count188
\c@subsubsection=\count189
\c@paragraph=\count190
\c@subparagraph=\count191
\c@figure=\count192
\c@table=\count193
\abovecaptionskip=\skip47
\belowcaptionskip=\skip48
\bibindent=\dimen138
)
(C:\Users\D01918\AppData\Local\Programs\MiKTeX\tex/generic/babel\babel.sty
Package: babel 2022/07/20 3.78 The Babel package
\babel@savecnt=\count194
\U@D=\dimen139
\l@unhyphenated=\language79

(C:\Users\D01918\AppData\Local\Programs\MiKTeX\tex/generic/babel\txtbabel.def)
\bbl@readstream=\read2
\bbl@dirlevel=\count195

*************************************
* Local config file bblopts.cfg used
*
(C:\Users\D01918\AppData\Local\Programs\MiKTeX\tex/latex/arabi\bblopts.cfg
File: bblopts.cfg 2005/09/08 v0.1 add Arabic and Farsi to "declared" options of
 babel
)
(C:\Users\D01918\AppData\Local\Programs\MiKTeX\tex/latex/babel-english\english.
ldf
Language: english 2017/06/06 v3.3r English support from the babel system
Package babel Info: Hyphen rules for 'canadian' set to \l@english
(babel)             (\language0). Reported on input line 102.
Package babel Info: Hyphen rules for 'australian' set to \l@ukenglish
(babel)             (\language73). Reported on input line 105.
Package babel Info: Hyphen rules for 'newzealand' set to \l@ukenglish
(babel)             (\language73). Reported on input line 108.
)
(C:\Users\D01918\AppData\Local\Programs\MiKTeX\tex/latex/babel-hungarian\magyar
.ldf
Language: magyar 2019/01/14 v1.5c Magyar (Hungarian) support for babel
Package babel Info: Making ` an active character on input line 2819.
\c@footnote@add=\count196
\c@footnote@ch=\count197
))
(C:\Users\D01918\AppData\Local\Programs\MiKTeX\tex/generic/babel/locale/hu\babe
l-magyar.tex
Package babel Info: Importing font and identification data for magyar
(babel)             from babel-hu.ini. Reported on input line 11.
)
(C:\Users\D01918\AppData\Local\Programs\MiKTeX\tex/generic/babel/locale/en\babe
l-english.tex
Package babel Info: Importing font and identification data for english
(babel)             from babel-en.ini. Reported on input line 11.
)
(C:\Users\D01918\AppData\Local\Programs\MiKTeX\tex/latex/base\t1enc.sty
Package: t1enc 1994/06/01 Standard LaTeX package
)
(C:\Users\D01918\AppData\Local\Programs\MiKTeX\tex/latex/xcolor\xcolor.sty
Package: xcolor 2022/06/12 v2.14 LaTeX color extensions (UK)

(C:\Users\D01918\AppData\Local\Programs\MiKTeX\tex/latex/graphics-cfg\color.cfg
File: color.cfg 2016/01/02 v1.6 sample color configuration
)
Package xcolor Info: Driver file: pdftex.def on input line 227.

(C:\Users\D01918\AppData\Local\Programs\MiKTeX\tex/latex/graphics-def\pdftex.de
f
File: pdftex.def 2020/10/05 v1.2a Graphics/color driver for pdftex
)
(C:\Users\D01918\AppData\Local\Programs\MiKTeX\tex/latex-dev/graphics\mathcolor
.ltx)
Package xcolor Info: Model `cmy' substituted by `cmy0' on input line 1353.
Package xcolor Info: Model `hsb' substituted by `rgb' on input line 1357.
Package xcolor Info: Model `RGB' extended on input line 1369.
Package xcolor Info: Model `HTML' substituted by `rgb' on input line 1371.
Package xcolor Info: Model `Hsb' substituted by `hsb' on input line 1372.
Package xcolor Info: Model `tHsb' substituted by `hsb' on input line 1373.
Package xcolor Info: Model `HSB' substituted by `hsb' on input line 1374.
Package xcolor Info: Model `Gray' substituted by `gray' on input line 1375.
Package xcolor Info: Model `wave' substituted by `hsb' on input line 1376.
)
(C:\Users\D01918\AppData\Local\Programs\MiKTeX\tex/latex/graphics\graphics.sty
Package: graphics 2022/03/10 v1.4e Standard LaTeX Graphics (DPC,SPQR)

(C:\Users\D01918\AppData\Local\Programs\MiKTeX\tex/latex/graphics\trig.sty
Package: trig 2021/08/11 v1.11 sin cos tan (DPC)
)
(C:\Users\D01918\AppData\Local\Programs\MiKTeX\tex/latex/graphics-cfg\graphics.
cfg
File: graphics.cfg 2016/06/04 v1.11 sample graphics configuration
)
Package graphics Info: Driver file: pdftex.def on input line 107.
)
(C:\Users\D01918\AppData\Local\Programs\MiKTeX\tex/latex/lipsum\lipsum.sty
(C:\Users\D01918\AppData\Local\Programs\MiKTeX\tex/latex/l3packages/l3keys2e\l3
keys2e.sty
(C:\Users\D01918\AppData\Local\Programs\MiKTeX\tex/latex/l3kernel\expl3.sty
Package: expl3 2022-08-23 L3 programming layer (loader) 

(C:\Users\D01918\AppData\Local\Programs\MiKTeX\tex/latex/l3backend\l3backend-pd
ftex.def
File: l3backend-pdftex.def 2022-08-23 L3 backend support: PDF output (pdfTeX)
\l__color_backend_stack_int=\count198
\l__pdf_internal_box=\box51
))
Package: l3keys2e 2022-06-22 LaTeX2e option processing using LaTeX3 keys
)
Package: lipsum 2021-09-20 v2.7 150 paragraphs of Lorem Ipsum dummy text
\g__lipsum_par_int=\count199
\l__lipsum_a_int=\count266
\l__lipsum_b_int=\count267

(C:\Users\D01918\AppData\Local\Programs\MiKTeX\tex/latex/lipsum\lipsum.ltd.tex)
)
(C:\Users\D01918\AppData\Local\Programs\MiKTeX\tex/latex/hulipsum\hulipsum.sty
Package: hulipsum 2020/11/03 v1.1 Hungarian dummy text (Lorum ipse)
\c@hulipsum@count=\count268
)
(C:\Users\D01918\AppData\Local\Programs\MiKTeX\tex/latex/blindtext\blindtext.st
y
Package: blindtext 2012/01/06 V2.0 blindtext-Package
 (C:\Users\D01918\AppData\Local\Programs\MiKTeX\tex/latex/tools\xspace.sty
Package: xspace 2014/10/28 v1.13 Space after command names (DPC,MH)
)
\c@blindtext=\count269
\c@Blindtext=\count270
\c@blind@countparstart=\count271
\blind@countxx=\count272
\blindtext@numBlindtext=\count273
\blind@countyy=\count274
\c@blindlist=\count275
\c@blindlistlevel=\count276
\c@blindlist@level=\count277
\blind@listitem=\count278
\c@blind@listcount=\count279
\c@blind@levelcount=\count280
\blind@mathformula=\count281
\blind@Mathformula=\count282
\c@blind@randomcount=\count283
\c@blind@randommax=\count284
\c@blind@pangramcount=\count285
\c@blind@pangrammax=\count286
)
(FirstHomework.aux)
\openout1 = `FirstHomework.aux'.

LaTeX Font Info:    Checking defaults for OML/cmm/m/it on input line 10.
LaTeX Font Info:    ... okay on input line 10.
LaTeX Font Info:    Checking defaults for OMS/cmsy/m/n on input line 10.
LaTeX Font Info:    ... okay on input line 10.
LaTeX Font Info:    Checking defaults for OT1/cmr/m/n on input line 10.
LaTeX Font Info:    ... okay on input line 10.
LaTeX Font Info:    Checking defaults for T1/cmr/m/n on input line 10.
LaTeX Font Info:    ... okay on input line 10.
LaTeX Font Info:    Checking defaults for TS1/cmr/m/n on input line 10.
LaTeX Font Info:    ... okay on input line 10.
LaTeX Font Info:    Checking defaults for OMX/cmex/m/n on input line 10.
LaTeX Font Info:    ... okay on input line 10.
LaTeX Font Info:    Checking defaults for U/cmr/m/n on input line 10.
LaTeX Font Info:    ... okay on input line 10.

(C:\Users\D01918\AppData\Local\Programs\MiKTeX\tex/context/base/mkii\supp-pdf.m
kii
[Loading MPS to PDF converter (version 2006.09.02).]
\scratchcounter=\count287
\scratchdimen=\dimen140
\scratchbox=\box52
\nofMPsegments=\count288
\nofMParguments=\count289
\everyMPshowfont=\toks16
\MPscratchCnt=\count290
\MPscratchDim=\dimen141
\MPnumerator=\count291
\makeMPintoPDFobject=\count292
\everyMPtoPDFconversion=\toks17
)
(C:\Users\D01918\AppData\Local\Programs\MiKTeX\tex/latex/epstopdf-pkg\epstopdf-
base.sty
Package: epstopdf-base 2020-01-24 v2.11 Base part for package epstopdf
Package epstopdf-base Info: Redefining graphics rule for `.eps' on input line 4
85.

(C:\Users\D01918\AppData\Local\Programs\MiKTeX\tex/latex/00miktex\epstopdf-sys.
cfg
File: epstopdf-sys.cfg 2021/03/18 v2.0 Configuration of epstopdf for MiKTeX
)) (C:\Users\D01918\AppData\Local\Programs\MiKTeX\tex/latex/base\book.cls
LaTeX Info: Redefining \cal on input line 583.
LaTeX Info: Redefining \mit on input line 584.
)
LaTeX Font Info:    External font `cmex10' loaded for size
(Font)              <20.74> on input line 14.
LaTeX Font Info:    External font `cmex10' loaded for size
(Font)              <14.4> on input line 14.
LaTeX Font Info:    External font `cmex10' loaded for size
(Font)              <12> on input line 14.
LaTeX Font Info:    External font `cmex10' loaded for size
(Font)              <8> on input line 16.
LaTeX Font Info:    External font `cmex10' loaded for size
(Font)              <6> on input line 16.
LaTeX Font Info:    External font `cmex10' loaded for size
(Font)              <5> on input line 16.

[1



{C:/Users/D01918/AppData/Local/MiKTeX/fonts/map/pdftex/pdftex.map}]
LaTeX Font Info:    Trying to load font information for T1+cmtt on input line 2
2.

(C:\Users\D01918\AppData\Local\Programs\MiKTeX\tex/latex/base\t1cmtt.fd
File: t1cmtt.fd 2019/12/16 v2.5j Standard LaTeX font definitions
)

LaTeX Font Warning: Font shape `T1/cmr/m/scit' undefined
(Font)              using `T1/cmr/m/sc' instead on input line 24.

LaTeX Font Info:    Trying to load font information for T1+cmss on input line 2
7.
(C:\Users\D01918\AppData\Local\Programs\MiKTeX\tex/latex/base\t1cmss.fd
File: t1cmss.fd 2019/12/16 v2.5j Standard LaTeX font definitions
)
Underfull \hbox (badness 10000) in paragraph at lines 22--29

 []

LaTeX Font Info:    External font `cmex10' loaded for size
(Font)              <7> on input line 31.

Overfull \hbox (6104.89716pt too wide) in paragraph at lines 30--39
\T1/cmr/m/n/10 Tükrözött és víz-szin-te-sen meg-nyúj-tott szó: [] 
 []


Underfull \hbox (badness 10000) in paragraph at lines 30--39

 []


Overfull \hbox (6.9154pt too wide) in paragraph at lines 39--39
[]\T1/cmr/bx/n/14.4 Negyedik fel-adat (Zagy-va szö-veg/lorem ip-sum) 
 []


Underfull \hbox (badness 10000) in paragraph at lines 40--42

 []


Underfull \hbox (badness 10000) in paragraph at lines 40--42

 []

[2]
(C:\Users\D01918\AppData\Local\Programs\MiKTeX\tex/generic/babel/locale/la\babe
l-latin.tex
Package babel Info: Importing basic data for latin
(babel)             from babel-la.ini. Reported on input line 9.
)
Underfull \hbox (badness 10000) in paragraph at lines 49--55

 []


Underfull \hbox (badness 10000) in paragraph at lines 49--55

 []

[3] (FirstHomework.aux) ) 
Here is how much of TeX's memory you used:
 4742 strings out of 477843
 86362 string characters out of 2823128
 656461 words of memory out of 3000000
 23611 multiletter control sequences out of 15000+600000
 487738 words of font info for 63 fonts, out of 8000000 for 9000
 1141 hyphenation exceptions out of 8191
 72i,7n,77p,1879b,454s stack positions out of 10000i,1000n,20000p,200000b,80000s
 <C:\Users\D01918\AppData\Local\MiKTeX\fonts/pk/ljfour
/jknappen/ec/dpi600\tcrm1000.pk> <C:\Users\D01918\AppData\Local\MiKTeX\fonts/pk
/ljfour/jknappen/ec/dpi600\ecrm0700.pk> <C:\Users\D01918\AppData\Local\MiKTeX\f
onts/pk/ljfour/jknappen/ec/dpi600\ecbx1000.pk> <C:\Users\D01918\AppData\Local\M
iKTeX\fonts/pk/ljfour/jknappen/ec/dpi600\ecss1000.pk> <C:\Users\D01918\AppData\
Local\MiKTeX\fonts/pk/ljfour/jknappen/ec/dpi600\ecsl1000.pk> <C:\Users\D01918\A
ppData\Local\MiKTeX\fonts/pk/ljfour/jknappen/ec/dpi600\ecti1000.pk> <C:\Users\D
01918\AppData\Local\MiKTeX\fonts/pk/ljfour/jknappen/ec/dpi600\eccc1000.pk> <C:\
Users\D01918\AppData\Local\MiKTeX\fonts/pk/ljfour/jknappen/ec/dpi600\ecbi1000.p
k> <C:\Users\D01918\AppData\Local\MiKTeX\fonts/pk/ljfour/jknappen/ec/dpi600\ect
t1000.pk> <C:\Users\D01918\AppData\Local\MiKTeX\fonts/pk/ljfour/jknappen/ec/dpi
600\ecbx1440.pk> <C:\Users\D01918\AppData\Local\MiKTeX\fonts/pk/ljfour/jknappen
/ec/dpi600\ecbi1440.pk> <C:\Users\D01918\AppData\Local\MiKTeX\fonts/pk/ljfour/j
knappen/ec/dpi600\ecbi2074.pk> <C:\Users\D01918\AppData\Local\MiKTeX\fonts/pk/l
jfour/jknappen/ec/dpi600\ecrm1000.pk> <C:\Users\D01918\AppData\Local\MiKTeX\fon
ts/pk/ljfour/jknappen/ec/dpi600\ecti0800.pk> <C:\Users\D01918\AppData\Local\MiK
TeX\fonts/pk/ljfour/jknappen/ec/dpi600\ecrm0600.pk> <C:\Users\D01918\AppData\Lo
cal\MiKTeX\fonts/pk/ljfour/jknappen/ec/dpi600\ecxc1440.pk> <C:\Users\D01918\App
Data\Local\MiKTeX\fonts/pk/ljfour/jknappen/ec/dpi600\ecxc2074.pk>
Output written on FirstHomework.pdf (3 pages, 98652 bytes).
PDF statistics:
 316 PDF objects out of 1000 (max. 8388607)
 0 named destinations out of 1000 (max. 500000)
 1 words of extra memory for PDF output out of 10000 (max. 10000000)

